<?xml version="1.0" encoding="UTF-8" ?>
<testsuite errors="0" failures="1" hostname="LT105372" name="tests.Q5Test" skipped="0" tests="1" time="51.98" timestamp="2016-10-15T17:19:51">
  <properties>
    <property name="java.vendor" value="Oracle Corporation" />
    <property name="sun.java.launcher" value="SUN_STANDARD" />
    <property name="sun.management.compiler" value="HotSpot 64-Bit Tiered Compilers" />
    <property name="os.name" value="Windows 8.1" />
    <property name="sun.boot.class.path" value="C:\Program Files\Java\jdk1.8.0_77\jre\lib\resources.jar;C:\Program Files\Java\jdk1.8.0_77\jre\lib\rt.jar;C:\Program Files\Java\jdk1.8.0_77\jre\lib\sunrsasign.jar;C:\Program Files\Java\jdk1.8.0_77\jre\lib\jsse.jar;C:\Program Files\Java\jdk1.8.0_77\jre\lib\jce.jar;C:\Program Files\Java\jdk1.8.0_77\jre\lib\charsets.jar;C:\Program Files\Java\jdk1.8.0_77\jre\lib\jfr.jar;C:\Program Files\Java\jdk1.8.0_77\jre\classes" />
    <property name="user.country.format" value="PT" />
    <property name="sun.desktop" value="windows" />
    <property name="java.vm.specification.vendor" value="Oracle Corporation" />
    <property name="ant.home" value="D:\Ant\apache-ant-1.9.4-bin\apache-ant-1.9.4" />
    <property name="java.runtime.version" value="1.8.0_77-b03" />
    <property name="user.name" value="NB21139" />
    <property name="user.language.format" value="pt" />
    <property name="user.language" value="en" />
    <property name="sun.boot.library.path" value="C:\Program Files\Java\jdk1.8.0_77\jre\bin" />
    <property name="ant.project.default-target" value="all" />
    <property name="ant.project.name" value="otomoto" />
    <property name="java.version" value="1.8.0_77" />
    <property name="user.timezone" value="" />
    <property name="resources.dir" value="resources" />
    <property name="sun.arch.data.model" value="64" />
    <property name="ant.file.type.otomoto" value="file" />
    <property name="java.endorsed.dirs" value="C:\Program Files\Java\jdk1.8.0_77\jre\lib\endorsed" />
    <property name="sun.cpu.isalist" value="amd64" />
    <property name="sun.jnu.encoding" value="Cp1252" />
    <property name="file.encoding.pkg" value="sun.io" />
    <property name="file.separator" value="\" />
    <property name="java.specification.name" value="Java Platform API Specification" />
    <property name="java.class.version" value="52.0" />
    <property name="user.country" value="GB" />
    <property name="java.home" value="C:\Program Files\Java\jdk1.8.0_77\jre" />
    <property name="dist.dir" value="bin" />
    <property name="java.vm.info" value="mixed mode" />
    <property name="ant.file" value="D:\SourceCode\otomoto\Q5Q4Build.xml" />
    <property name="os.version" value="6.3" />
    <property name="path.separator" value=";" />
    <property name="java.vm.version" value="25.77-b03" />
    <property name="user.variant" value="" />
    <property name="ant.library.dir" value="D:\Ant\apache-ant-1.9.4-bin\apache-ant-1.9.4\lib" />
    <property name="junit.output.dir" value="junit" />
    <property name="java.awt.printerjob" value="sun.awt.windows.WPrinterJob" />
    <property name="sun.io.unicode.encoding" value="UnicodeLittle" />
    <property name="awt.toolkit" value="sun.awt.windows.WToolkit" />
    <property name="sun.stdout.encoding" value="cp850" />
    <property name="user.script" value="" />
    <property name="user.home" value="C:\Users\nb21139" />
    <property name="java.specification.vendor" value="Oracle Corporation" />
    <property name="java.library.path" value="C:\Program Files\Java\jdk1.8.0_77\jre\bin;C:\WINDOWS\Sun\Java\bin;C:\WINDOWS\system32;C:\WINDOWS;%JAVA_HOME%\bin;C:\ProgramData\Oracle\Java\javapath;D:\chromeDriver\chromedriver_win32;C:\Program Files (x86)\Intel\iCLS Client\;C:\Program Files\Intel\iCLS Client\;C:\WINDOWS\system32;C:\WINDOWS;C:\WINDOWS\System32\Wbem;C:\WINDOWS\System32\WindowsPowerShell\v1.0\;C:\Program Files\Intel\Intel(R) Management Engine Components\DAL;C:\Program Files\Intel\Intel(R) Management Engine Components\IPT;C:\Program Files (x86)\Intel\Intel(R) Management Engine Components\DAL;C:\Program Files (x86)\Intel\Intel(R) Management Engine Components\IPT;C:\Program Files\Microsoft SQL Server\110\Tools\Binn\;D:\Ant\apache-ant-1.9.4-bin\apache-ant-1.9.4\bin;C:\Program Files (x86)\Mozilla Firefox;C:\Program Files\Microsoft SQL Server\Client SDK\ODBC\110\Tools\Binn\;C:\Program Files (x86)\Microsoft SQL Server\120\Tools\Binn\;C:\Program Files\Microsoft SQL Server\120\Tools\Binn\;C:\Program Files\Microsoft SQL Server\120\DTS\Binn\;C:\Program Files (x86)\Microsoft SQL Server\120\Tools\Binn\ManagementStudio\;C:\Program Files (x86)\Microsoft SQL Server\120\DTS\Binn\;C:\Program Files (x86)\Microsoft ASP.NET\ASP.NET Web Pages\v1.0\;C:\Program Files\Microsoft\Web Platform Installer\;D:\IEdriver\;D:\WorkSpaceJava\OneAgentWeb\;C:\Program Files (x86)\Skype\Phone\;C:\Program Files (x86)\Windows Kits\8.0\Windows Performance Toolkit\;C:\Program Files (x86)\Microsoft Team Foundation Server 2012 Power Tools\;C:\Program Files (x86)\Microsoft Team Foundation Server 2012 Power Tools\Best Practices Analyzer\;C:\Program Files (x86)\nodejs\;C:\Users\nb21139\AppData\Roaming\npm;." />
    <property name="java.vendor.url" value="http://java.oracle.com/" />
    <property name="java.vm.vendor" value="Oracle Corporation" />
    <property name="java.runtime.name" value="Java(TM) SE Runtime Environment" />
    <property name="ant.file.otomoto" value="D:\SourceCode\otomoto\Q5Q4Build.xml" />
    <property name="sun.java.command" value="org.apache.tools.ant.taskdefs.optional.junit.JUnitTestRunner tests.Q5Test skipNonTests=false filtertrace=true haltOnError=false haltOnFailure=false formatter=org.apache.tools.ant.taskdefs.optional.junit.OutErrSummaryJUnitResultFormatter showoutput=false outputtoformatters=true logfailedtests=true threadid=0 logtestlistenerevents=false formatter=org.apache.tools.ant.taskdefs.optional.junit.XMLJUnitResultFormatter,D:\SourceCode\otomoto\junit\TEST-tests.Q5Test.xml crashfile=D:\SourceCode\otomoto\junitvmwatcher4591453801524159239.properties propsfile=D:\SourceCode\otomoto\junit2677568714258923092.properties" />
    <property name="java.class.path" value="D:\SourceCode\otomoto\bin;D:\SourceCode\otomoto\resources;D:\SourceCode\otomoto\resources\junit-4.12.jar;D:\SourceCode\otomoto\resources\hamcrest-core-1.3.jar;D:\SourceCode\otomoto\resources\commons-codec-1.10.jar;D:\SourceCode\otomoto\resources\commons-exec-1.3.jar;D:\SourceCode\otomoto\resources\commons-io-2.4.jar;D:\SourceCode\otomoto\resources\commons-logging-1.2.jar;D:\SourceCode\otomoto\resources\fluent-hc-4.5.2.jar;D:\SourceCode\otomoto\resources\gson-2.3.1.jar;D:\SourceCode\otomoto\resources\guava-19.0.jar;D:\SourceCode\otomoto\resources\httpclient-4.5.2.jar;D:\SourceCode\otomoto\resources\httpclient-cache-4.5.2.jar;D:\SourceCode\otomoto\resources\httpclient-win-4.5.2.jar;D:\SourceCode\otomoto\resources\httpcore-4.4.4.jar;D:\SourceCode\otomoto\resources\httpmime-4.5.2.jar;D:\SourceCode\otomoto\resources\jna-4.1.0.jar;D:\SourceCode\otomoto\resources\jna-platform-4.1.0.jar;D:\SourceCode\otomoto\resources\selenium-java-2.53.0.jar;D:\SourceCode\otomoto\resources\selenium-java-2.53.0-srcs.jar;D:\Ant\apache-ant-1.9.4-bin\apache-ant-1.9.4\lib\junit-4.12.jar;D:\Ant\apache-ant-1.9.4-bin\apache-ant-1.9.4\lib\ant-launcher.jar;D:\Ant\apache-ant-1.9.4-bin\apache-ant-1.9.4\lib\ant.jar;D:\Ant\apache-ant-1.9.4-bin\apache-ant-1.9.4\lib\ant-junit.jar;D:\Ant\apache-ant-1.9.4-bin\apache-ant-1.9.4\lib\ant-junit4.jar" />
    <property name="ant.version" value="Apache Ant(TM) version 1.9.4 compiled on April 29 2014" />
    <property name="java.vm.specification.name" value="Java Virtual Machine Specification" />
    <property name="ant.file.type" value="file" />
    <property name="java.vm.specification.version" value="1.8" />
    <property name="sun.cpu.endian" value="little" />
    <property name="sun.os.patch.level" value="" />
    <property name="java.io.tmpdir" value="C:\Users\nb21139\AppData\Local\Temp\" />
    <property name="java.vendor.url.bug" value="http://bugreport.sun.com/bugreport/" />
    <property name="os.arch" value="amd64" />
    <property name="java.awt.graphicsenv" value="sun.awt.Win32GraphicsEnvironment" />
    <property name="java.ext.dirs" value="C:\Program Files\Java\jdk1.8.0_77\jre\lib\ext;C:\WINDOWS\Sun\Java\lib\ext" />
    <property name="user.dir" value="D:\SourceCode\otomoto" />
    <property name="line.separator" value="&#xd;&#xa;" />
    <property name="java.vm.name" value="Java HotSpot(TM) 64-Bit Server VM" />
    <property name="basedir" value="D:\SourceCode\otomoto" />
    <property name="ant.java.version" value="1.8" />
    <property name="ant.core.lib" value="D:\Ant\apache-ant-1.9.4-bin\apache-ant-1.9.4\lib\ant.jar" />
    <property name="file.encoding" value="Cp1252" />
    <property name="sun.stderr.encoding" value="cp850" />
    <property name="java.specification.version" value="1.8" />
    <property name="ant.project.invoked-targets" value="all" />
  </properties>
  <testcase classname="tests.Q5Test" name="testQ5" time="51.895">
    <failure message="Number of rooms is not correct, it must be 2 and we got 5" type="junit.framework.AssertionFailedError">junit.framework.AssertionFailedError: Number of rooms is not correct, it must be 2 and we got 5
	at tests.Q5Test.testQ5(Unknown Source)
</failure>
  </testcase>
  <system-out><![CDATA[]]></system-out>
  <system-err><![CDATA[Starting ChromeDriver 2.21.371459 (36d3d07f660ff2bc1bf28a75d1cdabed0983e7c4) on port 9929
Only local connections are allowed.
]]></system-err>
</testsuite>
